android/app/build/intermediates/manifest_merge_blame_file/debug/manifest-merger-blame-debug-report.txt
1<?xml version="1.0" encoding="utf-8"?>
2<manifest xmlns:android="http://schemas.android.com/apk/res/android"
3    package="com.rokid.nutrition"
4    android:versionCode="1"
5    android:versionName="1.0.0" >
6
7    <uses-sdk
8        android:minSdkVersion="28"
9        android:targetSdkVersion="34" />
10
11    <!-- 网络权限 -->
12    <uses-permission android:name="android.permission.INTERNET" />
12-->src/main/AndroidManifest.xml:5:5-67
12-->src/main/AndroidManifest.xml:5:22-64
13    <uses-permission android:name="android.permission.ACCESS_NETWORK_STATE" />
13-->src/main/AndroidManifest.xml:6:5-79
13-->src/main/AndroidManifest.xml:6:22-76
14
15    <!-- 相机权限 -->
16    <uses-permission android:name="android.permission.CAMERA" />
16-->src/main/AndroidManifest.xml:9:5-65
16-->src/main/AndroidManifest.xml:9:22-62
17
18    <uses-feature
18-->src/main/AndroidManifest.xml:10:5-84
19        android:name="android.hardware.camera"
19-->src/main/AndroidManifest.xml:10:19-57
20        android:required="true" />
20-->src/main/AndroidManifest.xml:10:58-81
21
22    <!-- 存储权限 -->
23    <uses-permission android:name="android.permission.READ_EXTERNAL_STORAGE" />
23-->src/main/AndroidManifest.xml:13:5-80
23-->src/main/AndroidManifest.xml:13:22-77
24    <uses-permission
24-->src/main/AndroidManifest.xml:14:5-15:38
25        android:name="android.permission.WRITE_EXTERNAL_STORAGE"
25-->src/main/AndroidManifest.xml:14:22-78
26        android:maxSdkVersion="28" />
26-->src/main/AndroidManifest.xml:15:9-35
27
28    <!-- 录音权限（语音交互） -->
29    <uses-permission android:name="android.permission.RECORD_AUDIO" />
29-->src/main/AndroidManifest.xml:18:5-71
29-->src/main/AndroidManifest.xml:18:22-68
30
31    <!-- 蓝牙权限（连接Rokid设备） -->
32    <uses-permission android:name="android.permission.BLUETOOTH" />
32-->src/main/AndroidManifest.xml:21:5-68
32-->src/main/AndroidManifest.xml:21:22-65
33    <uses-permission android:name="android.permission.BLUETOOTH_ADMIN" />
33-->src/main/AndroidManifest.xml:22:5-74
33-->src/main/AndroidManifest.xml:22:22-71
34    <uses-permission android:name="android.permission.BLUETOOTH_CONNECT" />
34-->src/main/AndroidManifest.xml:23:5-76
34-->src/main/AndroidManifest.xml:23:22-73
35    <uses-permission android:name="android.permission.BLUETOOTH_SCAN" />
35-->src/main/AndroidManifest.xml:24:5-73
35-->src/main/AndroidManifest.xml:24:22-70
36
37    <!-- WiFi 权限（Rokid 文件同步） -->
38    <uses-permission android:name="android.permission.ACCESS_WIFI_STATE" />
38-->src/main/AndroidManifest.xml:27:5-76
38-->src/main/AndroidManifest.xml:27:22-73
39    <uses-permission android:name="android.permission.CHANGE_WIFI_STATE" />
39-->src/main/AndroidManifest.xml:28:5-76
39-->src/main/AndroidManifest.xml:28:22-73
40    <uses-permission android:name="android.permission.CHANGE_NETWORK_STATE" />
40-->src/main/AndroidManifest.xml:29:5-79
40-->src/main/AndroidManifest.xml:29:22-76
41
42    <permission
42-->[androidx.core:core:1.12.0] AndroidManifest.xml:22:5-24:47
43        android:name="com.rokid.nutrition.DYNAMIC_RECEIVER_NOT_EXPORTED_PERMISSION"
43-->[androidx.core:core:1.12.0] AndroidManifest.xml:23:9-81
44        android:protectionLevel="signature" />
44-->[androidx.core:core:1.12.0] AndroidManifest.xml:24:9-44
45
46    <uses-permission android:name="com.rokid.nutrition.DYNAMIC_RECEIVER_NOT_EXPORTED_PERMISSION" />
46-->[androidx.core:core:1.12.0] AndroidManifest.xml:26:5-97
46-->[androidx.core:core:1.12.0] AndroidManifest.xml:26:22-94
47
48    <application
48-->src/main/AndroidManifest.xml:31:5-62:19
49        android:name="com.rokid.nutrition.ViseatApplication"
49-->src/main/AndroidManifest.xml:32:9-42
50        android:allowBackup="true"
50-->src/main/AndroidManifest.xml:33:9-35
51        android:appComponentFactory="androidx.core.app.CoreComponentFactory"
51-->[androidx.core:core:1.12.0] AndroidManifest.xml:28:18-86
52        android:debuggable="true"
53        android:extractNativeLibs="false"
54        android:icon="@drawable/ic_launcher"
54-->src/main/AndroidManifest.xml:34:9-45
55        android:label="@string/app_name"
55-->src/main/AndroidManifest.xml:35:9-41
56        android:roundIcon="@drawable/ic_launcher"
56-->src/main/AndroidManifest.xml:36:9-50
57        android:supportsRtl="true"
57-->src/main/AndroidManifest.xml:37:9-35
58        android:theme="@style/Theme.RokidNutrition"
58-->src/main/AndroidManifest.xml:38:9-52
59        android:usesCleartextTraffic="true" >
59-->src/main/AndroidManifest.xml:39:9-44
60        <activity
60-->src/main/AndroidManifest.xml:41:9-49:20
61            android:name="com.rokid.nutrition.MainActivity"
61-->src/main/AndroidManifest.xml:42:13-41
62            android:exported="true"
62-->src/main/AndroidManifest.xml:43:13-36
63            android:theme="@style/Theme.RokidNutrition" >
63-->src/main/AndroidManifest.xml:44:13-56
64            <intent-filter>
64-->src/main/AndroidManifest.xml:45:13-48:29
65                <action android:name="android.intent.action.MAIN" />
65-->src/main/AndroidManifest.xml:46:17-69
65-->src/main/AndroidManifest.xml:46:25-66
66
67                <category android:name="android.intent.category.LAUNCHER" />
67-->src/main/AndroidManifest.xml:47:17-77
67-->src/main/AndroidManifest.xml:47:27-74
68            </intent-filter>
69        </activity>
70
71        <!-- 演示模式 Activity（用于录制AR界面动画） -->
72        <activity
72-->src/main/AndroidManifest.xml:52:9-61:20
73            android:name="com.rokid.nutrition.demo.DemoActivity"
73-->src/main/AndroidManifest.xml:53:13-46
74            android:exported="true"
74-->src/main/AndroidManifest.xml:54:13-36
75            android:label="VISEAT 演示模式"
75-->src/main/AndroidManifest.xml:55:13-40
76            android:theme="@style/Theme.RokidNutrition" >
76-->src/main/AndroidManifest.xml:56:13-56
77            <intent-filter>
77-->src/main/AndroidManifest.xml:57:13-60:29
78                <action android:name="android.intent.action.MAIN" />
78-->src/main/AndroidManifest.xml:46:17-69
78-->src/main/AndroidManifest.xml:46:25-66
79
80                <category android:name="android.intent.category.DEFAULT" />
80-->src/main/AndroidManifest.xml:59:17-76
80-->src/main/AndroidManifest.xml:59:27-73
81            </intent-filter>
82        </activity>
83
84        <service
84-->[androidx.camera:camera-camera2:1.3.1] AndroidManifest.xml:24:9-33:19
85            android:name="androidx.camera.core.impl.MetadataHolderService"
85-->[androidx.camera:camera-camera2:1.3.1] AndroidManifest.xml:25:13-75
86            android:enabled="false"
86-->[androidx.camera:camera-camera2:1.3.1] AndroidManifest.xml:26:13-36
87            android:exported="false" >
87-->[androidx.camera:camera-camera2:1.3.1] AndroidManifest.xml:27:13-37
88            <meta-data
88-->[androidx.camera:camera-camera2:1.3.1] AndroidManifest.xml:30:13-32:89
89                android:name="androidx.camera.core.impl.MetadataHolderService.DEFAULT_CONFIG_PROVIDER"
89-->[androidx.camera:camera-camera2:1.3.1] AndroidManifest.xml:31:17-103
90                android:value="androidx.camera.camera2.Camera2Config$DefaultProvider" />
90-->[androidx.camera:camera-camera2:1.3.1] AndroidManifest.xml:32:17-86
91        </service>
92
93        <activity
93-->[androidx.compose.ui:ui-test-manifest:1.5.4] AndroidManifest.xml:23:9-25:39
94            android:name="androidx.activity.ComponentActivity"
94-->[androidx.compose.ui:ui-test-manifest:1.5.4] AndroidManifest.xml:24:13-63
95            android:exported="true" />
95-->[androidx.compose.ui:ui-test-manifest:1.5.4] AndroidManifest.xml:25:13-36
96        <activity
96-->[androidx.compose.ui:ui-tooling-android:1.5.4] AndroidManifest.xml:23:9-25:39
97            android:name="androidx.compose.ui.tooling.PreviewActivity"
97-->[androidx.compose.ui:ui-tooling-android:1.5.4] AndroidManifest.xml:24:13-71
98            android:exported="true" />
98-->[androidx.compose.ui:ui-tooling-android:1.5.4] AndroidManifest.xml:25:13-36
99
100        <provider
100-->[androidx.emoji2:emoji2:1.4.0] AndroidManifest.xml:24:9-32:20
101            android:name="androidx.startup.InitializationProvider"
101-->[androidx.emoji2:emoji2:1.4.0] AndroidManifest.xml:25:13-67
102            android:authorities="com.rokid.nutrition.androidx-startup"
102-->[androidx.emoji2:emoji2:1.4.0] AndroidManifest.xml:26:13-68
103            android:exported="false" >
103-->[androidx.emoji2:emoji2:1.4.0] AndroidManifest.xml:27:13-37
104            <meta-data
104-->[androidx.emoji2:emoji2:1.4.0] AndroidManifest.xml:29:13-31:52
105                android:name="androidx.emoji2.text.EmojiCompatInitializer"
105-->[androidx.emoji2:emoji2:1.4.0] AndroidManifest.xml:30:17-75
106                android:value="androidx.startup" />
106-->[androidx.emoji2:emoji2:1.4.0] AndroidManifest.xml:31:17-49
107            <meta-data
107-->[androidx.lifecycle:lifecycle-process:2.7.0] AndroidManifest.xml:29:13-31:52
108                android:name="androidx.lifecycle.ProcessLifecycleInitializer"
108-->[androidx.lifecycle:lifecycle-process:2.7.0] AndroidManifest.xml:30:17-78
109                android:value="androidx.startup" />
109-->[androidx.lifecycle:lifecycle-process:2.7.0] AndroidManifest.xml:31:17-49
110            <meta-data
110-->[androidx.profileinstaller:profileinstaller:1.3.1] AndroidManifest.xml:29:13-31:52
111                android:name="androidx.profileinstaller.ProfileInstallerInitializer"
111-->[androidx.profileinstaller:profileinstaller:1.3.1] AndroidManifest.xml:30:17-85
112                android:value="androidx.startup" />
112-->[androidx.profileinstaller:profileinstaller:1.3.1] AndroidManifest.xml:31:17-49
113        </provider>
114
115        <service
115-->[androidx.room:room-runtime:2.6.1] AndroidManifest.xml:24:9-28:63
116            android:name="androidx.room.MultiInstanceInvalidationService"
116-->[androidx.room:room-runtime:2.6.1] AndroidManifest.xml:25:13-74
117            android:directBootAware="true"
117-->[androidx.room:room-runtime:2.6.1] AndroidManifest.xml:26:13-43
118            android:exported="false" />
118-->[androidx.room:room-runtime:2.6.1] AndroidManifest.xml:27:13-37
119
120        <receiver
120-->[androidx.profileinstaller:profileinstaller:1.3.1] AndroidManifest.xml:34:9-52:20
121            android:name="androidx.profileinstaller.ProfileInstallReceiver"
121-->[androidx.profileinstaller:profileinstaller:1.3.1] AndroidManifest.xml:35:13-76
122            android:directBootAware="false"
122-->[androidx.profileinstaller:profileinstaller:1.3.1] AndroidManifest.xml:36:13-44
123            android:enabled="true"
123-->[androidx.profileinstaller:profileinstaller:1.3.1] AndroidManifest.xml:37:13-35
124            android:exported="true"
124-->[androidx.profileinstaller:profileinstaller:1.3.1] AndroidManifest.xml:38:13-36
125            android:permission="android.permission.DUMP" >
125-->[androidx.profileinstaller:profileinstaller:1.3.1] AndroidManifest.xml:39:13-57
126            <intent-filter>
126-->[androidx.profileinstaller:profileinstaller:1.3.1] AndroidManifest.xml:40:13-42:29
127                <action android:name="androidx.profileinstaller.action.INSTALL_PROFILE" />
127-->[androidx.profileinstaller:profileinstaller:1.3.1] AndroidManifest.xml:41:17-91
127-->[androidx.profileinstaller:profileinstaller:1.3.1] AndroidManifest.xml:41:25-88
128            </intent-filter>
129            <intent-filter>
129-->[androidx.profileinstaller:profileinstaller:1.3.1] AndroidManifest.xml:43:13-45:29
130                <action android:name="androidx.profileinstaller.action.SKIP_FILE" />
130-->[androidx.profileinstaller:profileinstaller:1.3.1] AndroidManifest.xml:44:17-85
130-->[androidx.profileinstaller:profileinstaller:1.3.1] AndroidManifest.xml:44:25-82
131            </intent-filter>
132            <intent-filter>
132-->[androidx.profileinstaller:profileinstaller:1.3.1] AndroidManifest.xml:46:13-48:29
133                <action android:name="androidx.profileinstaller.action.SAVE_PROFILE" />
133-->[androidx.profileinstaller:profileinstaller:1.3.1] AndroidManifest.xml:47:17-88
133-->[androidx.profileinstaller:profileinstaller:1.3.1] AndroidManifest.xml:47:25-85
134            </intent-filter>
135            <intent-filter>
135-->[androidx.profileinstaller:profileinstaller:1.3.1] AndroidManifest.xml:49:13-51:29
136                <action android:name="androidx.profileinstaller.action.BENCHMARK_OPERATION" />
136-->[androidx.profileinstaller:profileinstaller:1.3.1] AndroidManifest.xml:50:17-95
136-->[androidx.profileinstaller:profileinstaller:1.3.1] AndroidManifest.xml:50:25-92
137            </intent-filter>
138        </receiver>
139    </application>
140
141</manifest>